cmake -H. -Bbuild -DTEST=OFF -DCMAKE_BUILD_TYPE=Debug -DENABLE_ASAN=ON -DENABLE_UBSAN=ON
-- Configuring done (0.0s)
-- Generating done (0.0s)
-- Build files have been written to: /home/kyle/School/SENG475/aes-cli/build
cmake --build build
make[1]: Entering directory '/home/kyle/Nextcloud/Documents/School/SENG475/aes-cli/build'
[  7%] Built target errors
[ 23%] Built target io
[ 38%] Built target crypto
[ 53%] Built target tables
[ 69%] Built target aes
[ 84%] Built target ciphermode
[ 92%] Building CXX object CMakeFiles/aes-cli.dir/app/main.cpp.o
[100%] Linking CXX executable aes-cli
[100%] Built target aes-cli
make[1]: Leaving directory '/home/kyle/Nextcloud/Documents/School/SENG475/aes-cli/build'
reading file!!
reading file!!!!
IV: 01 02 03 04 01 02 03 04 01 02 03 04 01 02 03 04 

[DEBUG] Encrypt input to round 1: 21 0e 21 03 21 11 31 1e 17 04 16 7d 4d 6c 4a 2b 

[DEBUG] Sub result: fd ab fd 7b fd 82 c7 72 f0 f2 47 ff e3 50 d6 f1 

[DEBUG] Shift result: fd 82 47 f1 fd f2 d6 7b f0 50 fd 72 e3 ab c7 ff 

[DEBUG] Mix result: ca da f9 20 41 18 35 ce 84 3e d7 42 03 03 c7 b7 

[DEBUG] Encrypt input to round 2: ad b3 af 6b 74 59 45 ab c5 6c 8d 2e 6b 32 a0 84 

[DEBUG] Sub result: 95 6d 79 7f 92 cb 6e 62 a6 50 5d 31 7f 23 e0 5f 

[DEBUG] Shift result: 95 cb 5d 5f 92 50 e0 7f a6 23 79 62 7f 6d 6e 31 

[DEBUG] Mix result: 75 a0 05 8c 50 76 98 e3 29 09 d1 6f 16 26 9d e0 

[DEBUG] Encrypt input to round 3: fb 4c 88 a2 91 a9 50 b8 8c bc 68 47 fb f9 69 e3 

[DEBUG] Sub result: 0f 29 c4 3a 81 d3 53 6c 64 65 45 a0 0f 99 f9 11 

[DEBUG] Shift result: 0f d3 45 11 81 65 f9 3a 64 99 c4 6c 0f 29 53 a0 

[DEBUG] Mix result: 24 6c 65 a5 75 61 43 70 d0 76 da 29 96 08 7b 30 

[DEBUG] Encrypt input to round 4: 16 9b 8c 95 72 d7 da 25 96 92 19 10 b8 dd df 3a 

[DEBUG] Sub result: 47 14 64 2a 40 0e 57 3f 90 4f d4 ca 6c c1 9e 80 

[DEBUG] Shift result: 47 0e d4 80 40 4f 9e 2a 90 c1 64 3f 6c 14 57 ca 

[DEBUG] Mix result: c8 bc 61 08 e5 4d 56 45 38 9a d8 70 79 77 93 78 

[DEBUG] Encrypt input to round 5: 47 19 8b 17 ab 37 74 01 d3 55 43 1c 7f 67 fc 17 

[DEBUG] Sub result: a0 d4 3d f0 62 9a 92 7c 66 fc 1a 9c d2 85 b0 f0 

[DEBUG] Shift result: a0 9a 1a f0 62 fc b0 f0 66 85 3d 7c d2 d4 92 9c 

[DEBUG] Mix result: 04 51 05 80 9b ba ee 11 19 4c 1d ea d6 50 86 08 

[DEBUG] Encrypt input to round 6: 59 6c 44 18 c1 31 36 dc 05 23 06 1e e4 ea 39 f6 

[DEBUG] Sub result: cb 50 1b ad 78 c7 05 86 6b 26 6f 72 69 87 12 42 

[DEBUG] Shift result: cb c7 6f 42 78 26 12 ad 6b 87 1b 86 69 50 05 72 

[DEBUG] Mix result: f2 ad 14 6a 25 af 96 fd d9 d5 4b 36 55 b4 a5 0a 

[DEBUG] Encrypt input to round 7: 8d 00 45 56 14 78 e5 85 03 cd a3 22 89 bc 22 71 

[DEBUG] Sub result: 5d 63 6e b1 fa bc d9 97 7b bd 0a 93 a7 65 93 a3 

[DEBUG] Shift result: 5d bc 0a a3 fa bd 93 b1 7b 65 6e 97 a7 63 d9 93 

[DEBUG] Mix result: cc 83 0b 0c 11 84 b2 42 a0 94 60 b3 ba 82 c3 75 

[DEBUG] Encrypt input to round 8: 17 8e 5d b5 90 02 3c 36 3d 7d f5 33 15 d1 e9 0b 

[DEBUG] Sub result: f0 19 4c d5 60 77 eb 05 27 ff e6 c3 59 3e 1e 2b 

[DEBUG] Shift result: f0 77 e6 2b 60 ff 1e d5 27 3e 4c 05 59 19 eb c3 

[DEBUG] Mix result: af 04 2d cc 11 72 c7 f0 45 8a 8e 11 b1 8e d3 84 

[DEBUG] Encrypt input to round 9: 35 4c 8f 89 ba ed 16 cd 34 0d b7 38 1c 01 6d d6 

[DEBUG] Sub result: 96 29 73 a7 f4 55 47 bd 18 d7 a9 07 9c 7c 3c f6 

[DEBUG] Shift result: 96 55 a9 f6 f4 d7 3c a7 18 7c 73 bd 9c 29 47 07 

[DEBUG] Mix result: 97 2a 8b aa 0a a2 a9 b9 7a c8 5e 46 18 00 32 df 

[DEBUG] Encrypt input to round 10: d9 54 73 13 c5 5a df 74 28 d9 bd 0b e5 42 fb ec 

[DEBUG] Sub result: 35 20 8f 7d a6 be 9e 92 34 35 7a 2b d9 2c 0f ce 

[DEBUG] Shift result: 35 be 7a ce a6 35 0f 7d 34 2c 8f 92 d9 20 9e 2b 

[DEBUG] Mix result: 07 12 36 1c 7a a0 0a 31 01 74 b0 c0 7c 0b a3 98 

[DEBUG] Encrypt input to round 11: a1 87 57 0d 77 aa ba 1d 7d f9 39 c5 ad 09 94 cf 

[DEBUG] Sub result: 32 17 5b d7 f5 ac f4 a4 ff 99 12 a6 95 01 22 8a 

[DEBUG] Shift result: 32 ac 12 8a f5 99 22 d7 ff 01 5b a4 95 17 f4 a6 

[DEBUG] Mix result: 13 cd 3f e7 b4 6d 4a 0a 19 b4 bf 13 5a 1a 80 10 

[DEBUG] Encrypt input to round 12: 63 c4 5d 05 0b 9c 5e 25 f4 54 48 71 4a b8 be 41 

[DEBUG] Sub result: fb 1c 4c 6b 2b de 58 3f bf 20 52 a3 d6 6c ae 83 

[DEBUG] Shift result: fb de 52 83 2b 20 ae 6b bf 6c 4c 3f d6 1c 58 a3 

[DEBUG] Mix result: 45 29 1f 87 f3 e9 f1 25 a2 8c 0a 84 68 a5 84 78 

[DEBUG] Encrypt input to round 13: f9 0e af 5c 42 c4 f1 d2 6f 2c 83 76 74 07 3a dd 

[DEBUG] Sub result: 99 ab 79 4a 2c 1c a1 b5 a8 71 ec 38 92 c5 80 c1 

[DEBUG] Shift result: 99 1c ec c1 2c 71 80 4a a8 c5 79 b5 92 ab a1 38 

[DEBUG] Mix result: 20 4f 1e d9 01 1f 98 11 d3 07 5b 2e 40 1f 28 d7 

reading file!!
reading file!!!!
[DEBUG] Decrypt input to round 13: 4b c1 92 15 00 3f 12 27 3c db b5 57 28 10 09 17 

[DEBUG] Shift result: 4b 10 b5 27 00 c1 09 57 3c 3f 92 17 28 db 12 15 

[DEBUG] Sub result: cc 7c d2 3d 52 dd 40 da 6d 25 74 87 ee 9f 39 2f 

[DEBUG] Mix result: 99 1c ec c1 2c 71 80 4a a8 c5 79 b5 92 ab a1 38 

[DEBUG] Decrypt input to round 12: 99 1c ec c1 2c 71 80 4a a8 c5 79 b5 92 ab a1 38 

[DEBUG] Shift result: 99 ab 79 4a 2c 1c a1 b5 a8 71 ec 38 92 c5 80 c1 

[DEBUG] Sub result: f9 0e af 5c 42 c4 f1 d2 6f 2c 83 76 74 07 3a dd 

[DEBUG] Mix result: fb de 52 83 2b 20 ae 6b bf 6c 4c 3f d6 1c 58 a3 

[DEBUG] Decrypt input to round 11: fb de 52 83 2b 20 ae 6b bf 6c 4c 3f d6 1c 58 a3 

[DEBUG] Shift result: fb 1c 4c 6b 2b de 58 3f bf 20 52 a3 d6 6c ae 83 

[DEBUG] Sub result: 63 c4 5d 05 0b 9c 5e 25 f4 54 48 71 4a b8 be 41 

[DEBUG] Mix result: 32 ac 12 8a f5 99 22 d7 ff 01 5b a4 95 17 f4 a6 

[DEBUG] Decrypt input to round 10: 32 ac 12 8a f5 99 22 d7 ff 01 5b a4 95 17 f4 a6 

[DEBUG] Shift result: 32 17 5b d7 f5 ac f4 a4 ff 99 12 a6 95 01 22 8a 

[DEBUG] Sub result: a1 87 57 0d 77 aa ba 1d 7d f9 39 c5 ad 09 94 cf 

[DEBUG] Mix result: 35 be 7a ce a6 35 0f 7d 34 2c 8f 92 d9 20 9e 2b 

[DEBUG] Decrypt input to round 9: 35 be 7a ce a6 35 0f 7d 34 2c 8f 92 d9 20 9e 2b 

[DEBUG] Shift result: 35 20 8f 7d a6 be 9e 92 34 35 7a 2b d9 2c 0f ce 

[DEBUG] Sub result: d9 54 73 13 c5 5a df 74 28 d9 bd 0b e5 42 fb ec 

[DEBUG] Mix result: 96 55 a9 f6 f4 d7 3c a7 18 7c 73 bd 9c 29 47 07 

[DEBUG] Decrypt input to round 8: 96 55 a9 f6 f4 d7 3c a7 18 7c 73 bd 9c 29 47 07 

[DEBUG] Shift result: 96 29 73 a7 f4 55 47 bd 18 d7 a9 07 9c 7c 3c f6 

[DEBUG] Sub result: 35 4c 8f 89 ba ed 16 cd 34 0d b7 38 1c 01 6d d6 

[DEBUG] Mix result: f0 77 e6 2b 60 ff 1e d5 27 3e 4c 05 59 19 eb c3 

[DEBUG] Decrypt input to round 7: f0 77 e6 2b 60 ff 1e d5 27 3e 4c 05 59 19 eb c3 

[DEBUG] Shift result: f0 19 4c d5 60 77 eb 05 27 ff e6 c3 59 3e 1e 2b 

[DEBUG] Sub result: 17 8e 5d b5 90 02 3c 36 3d 7d f5 33 15 d1 e9 0b 

[DEBUG] Mix result: 5d bc 0a a3 fa bd 93 b1 7b 65 6e 97 a7 63 d9 93 

[DEBUG] Decrypt input to round 6: 5d bc 0a a3 fa bd 93 b1 7b 65 6e 97 a7 63 d9 93 

[DEBUG] Shift result: 5d 63 6e b1 fa bc d9 97 7b bd 0a 93 a7 65 93 a3 

[DEBUG] Sub result: 8d 00 45 56 14 78 e5 85 03 cd a3 22 89 bc 22 71 

[DEBUG] Mix result: cb c7 6f 42 78 26 12 ad 6b 87 1b 86 69 50 05 72 

[DEBUG] Decrypt input to round 5: cb c7 6f 42 78 26 12 ad 6b 87 1b 86 69 50 05 72 

[DEBUG] Shift result: cb 50 1b ad 78 c7 05 86 6b 26 6f 72 69 87 12 42 

[DEBUG] Sub result: 59 6c 44 18 c1 31 36 dc 05 23 06 1e e4 ea 39 f6 

[DEBUG] Mix result: a0 9a 1a f0 62 fc b0 f0 66 85 3d 7c d2 d4 92 9c 

[DEBUG] Decrypt input to round 4: a0 9a 1a f0 62 fc b0 f0 66 85 3d 7c d2 d4 92 9c 

[DEBUG] Shift result: a0 d4 3d f0 62 9a 92 7c 66 fc 1a 9c d2 85 b0 f0 

[DEBUG] Sub result: 47 19 8b 17 ab 37 74 01 d3 55 43 1c 7f 67 fc 17 

[DEBUG] Mix result: 47 0e d4 80 40 4f 9e 2a 90 c1 64 3f 6c 14 57 ca 

[DEBUG] Decrypt input to round 3: 47 0e d4 80 40 4f 9e 2a 90 c1 64 3f 6c 14 57 ca 

[DEBUG] Shift result: 47 14 64 2a 40 0e 57 3f 90 4f d4 ca 6c c1 9e 80 

[DEBUG] Sub result: 16 9b 8c 95 72 d7 da 25 96 92 19 10 b8 dd df 3a 

[DEBUG] Mix result: 0f d3 45 11 81 65 f9 3a 64 99 c4 6c 0f 29 53 a0 

[DEBUG] Decrypt input to round 2: 0f d3 45 11 81 65 f9 3a 64 99 c4 6c 0f 29 53 a0 

[DEBUG] Shift result: 0f 29 c4 3a 81 d3 53 6c 64 65 45 a0 0f 99 f9 11 

[DEBUG] Sub result: fb 4c 88 a2 91 a9 50 b8 8c bc 68 47 fb f9 69 e3 

[DEBUG] Mix result: 95 cb 5d 5f 92 50 e0 7f a6 23 79 62 7f 6d 6e 31 

[DEBUG] Decrypt input to round 1: 95 cb 5d 5f 92 50 e0 7f a6 23 79 62 7f 6d 6e 31 

[DEBUG] Shift result: 95 6d 79 7f 92 cb 6e 62 a6 50 5d 31 7f 23 e0 5f 

[DEBUG] Sub result: ad b3 af 6b 74 59 45 ab c5 6c 8d 2e 6b 32 a0 84 

[DEBUG] Mix result: fd 82 47 f1 fd f2 d6 7b f0 50 fd 72 e3 ab c7 ff 

0
